16:53:03 DEBUG - Thread-3 [Station]:connect:39 There is not bus to swap passengers - java.util.concurrent.TimeoutException
	at java.util.concurrent.Exchanger.exchange(Unknown Source)
	at by.epam.training.model.Station.connect(Station.java:33)
	at by.epam.training.model.Bus.run(Bus.java:27)
16:53:04 DEBUG - Thread-3 [Station]:connect:39 There is not bus to swap passengers - java.util.concurrent.TimeoutException
	at java.util.concurrent.Exchanger.exchange(Unknown Source)
	at by.epam.training.model.Station.connect(Station.java:33)
	at by.epam.training.model.Bus.run(Bus.java:27)
16:53:06 DEBUG - Thread-3 [Station]:connect:39 There is not bus to swap passengers - java.util.concurrent.TimeoutException
	at java.util.concurrent.Exchanger.exchange(Unknown Source)
	at by.epam.training.model.Station.connect(Station.java:33)
	at by.epam.training.model.Bus.run(Bus.java:27)
16:53:07 DEBUG - Thread-3 [Station]:connect:39 There is not bus to swap passengers - java.util.concurrent.TimeoutException
	at java.util.concurrent.Exchanger.exchange(Unknown Source)
	at by.epam.training.model.Station.connect(Station.java:33)
	at by.epam.training.model.Bus.run(Bus.java:27)
16:53:08 DEBUG - Thread-3 [Station]:connect:39 There is not bus to swap passengers - java.util.concurrent.TimeoutException
	at java.util.concurrent.Exchanger.exchange(Unknown Source)
	at by.epam.training.model.Station.connect(Station.java:33)
	at by.epam.training.model.Bus.run(Bus.java:27)
16:59:38 DEBUG - Thread-3 [Station]:connect:39 There is not bus to swap passengers - java.util.concurrent.TimeoutException
	at java.util.concurrent.Exchanger.exchange(Unknown Source)
	at by.epam.training.model.Station.connect(Station.java:33)
	at by.epam.training.model.Bus.run(Bus.java:28)
16:59:39 DEBUG - Thread-3 [Station]:connect:39 There is not bus to swap passengers - java.util.concurrent.TimeoutException
	at java.util.concurrent.Exchanger.exchange(Unknown Source)
	at by.epam.training.model.Station.connect(Station.java:33)
	at by.epam.training.model.Bus.run(Bus.java:28)
16:59:41 DEBUG - Thread-3 [Station]:connect:39 There is not bus to swap passengers - java.util.concurrent.TimeoutException
	at java.util.concurrent.Exchanger.exchange(Unknown Source)
	at by.epam.training.model.Station.connect(Station.java:33)
	at by.epam.training.model.Bus.run(Bus.java:28)
16:59:42 DEBUG - Thread-3 [Station]:connect:39 There is not bus to swap passengers - java.util.concurrent.TimeoutException
	at java.util.concurrent.Exchanger.exchange(Unknown Source)
	at by.epam.training.model.Station.connect(Station.java:33)
	at by.epam.training.model.Bus.run(Bus.java:28)
16:59:44 DEBUG - Thread-3 [Station]:connect:39 There is not bus to swap passengers - java.util.concurrent.TimeoutException
	at java.util.concurrent.Exchanger.exchange(Unknown Source)
	at by.epam.training.model.Station.connect(Station.java:33)
	at by.epam.training.model.Bus.run(Bus.java:28)
17:04:44 DEBUG - Thread-5 [Station]:connect:39 There is not bus to swap passengers - java.util.concurrent.TimeoutException
	at java.util.concurrent.Exchanger.exchange(Unknown Source)
	at by.epam.training.model.Station.connect(Station.java:33)
	at by.epam.training.model.Bus.run(Bus.java:28)
17:04:46 DEBUG - Thread-5 [Station]:connect:39 There is not bus to swap passengers - java.util.concurrent.TimeoutException
	at java.util.concurrent.Exchanger.exchange(Unknown Source)
	at by.epam.training.model.Station.connect(Station.java:33)
	at by.epam.training.model.Bus.run(Bus.java:28)
17:04:47 DEBUG - Thread-5 [Station]:connect:39 There is not bus to swap passengers - java.util.concurrent.TimeoutException
	at java.util.concurrent.Exchanger.exchange(Unknown Source)
	at by.epam.training.model.Station.connect(Station.java:33)
	at by.epam.training.model.Bus.run(Bus.java:28)
17:04:49 DEBUG - Thread-5 [Station]:connect:39 There is not bus to swap passengers - java.util.concurrent.TimeoutException
	at java.util.concurrent.Exchanger.exchange(Unknown Source)
	at by.epam.training.model.Station.connect(Station.java:33)
	at by.epam.training.model.Bus.run(Bus.java:28)
17:04:50 DEBUG - Thread-5 [Station]:connect:39 There is not bus to swap passengers - java.util.concurrent.TimeoutException
	at java.util.concurrent.Exchanger.exchange(Unknown Source)
	at by.epam.training.model.Station.connect(Station.java:33)
	at by.epam.training.model.Bus.run(Bus.java:28)
17:05:19 DEBUG - Thread-6 [Station]:connect:39 There is not bus to swap passengers - java.util.concurrent.TimeoutException
	at java.util.concurrent.Exchanger.exchange(Unknown Source)
	at by.epam.training.model.Station.connect(Station.java:33)
	at by.epam.training.model.Bus.run(Bus.java:28)
17:05:21 DEBUG - Thread-6 [Station]:connect:39 There is not bus to swap passengers - java.util.concurrent.TimeoutException
	at java.util.concurrent.Exchanger.exchange(Unknown Source)
	at by.epam.training.model.Station.connect(Station.java:33)
	at by.epam.training.model.Bus.run(Bus.java:28)
17:05:22 DEBUG - Thread-6 [Station]:connect:39 There is not bus to swap passengers - java.util.concurrent.TimeoutException
	at java.util.concurrent.Exchanger.exchange(Unknown Source)
	at by.epam.training.model.Station.connect(Station.java:33)
	at by.epam.training.model.Bus.run(Bus.java:28)
17:05:23 DEBUG - Thread-6 [Station]:connect:39 There is not bus to swap passengers - java.util.concurrent.TimeoutException
	at java.util.concurrent.Exchanger.exchange(Unknown Source)
	at by.epam.training.model.Station.connect(Station.java:33)
	at by.epam.training.model.Bus.run(Bus.java:28)
17:05:25 DEBUG - Thread-6 [Station]:connect:39 There is not bus to swap passengers - java.util.concurrent.TimeoutException
	at java.util.concurrent.Exchanger.exchange(Unknown Source)
	at by.epam.training.model.Station.connect(Station.java:33)
	at by.epam.training.model.Bus.run(Bus.java:28)
17:14:39 DEBUG - Thread-5 [Station]:connect:40 There is not bus to swap passengers - java.util.concurrent.TimeoutException
	at java.util.concurrent.Exchanger.exchange(Unknown Source)
	at by.epam.training.model.Station.connect(Station.java:34)
	at by.epam.training.model.Bus.run(Bus.java:27)
17:14:40 DEBUG - Thread-4 [Station]:connect:40 There is not bus to swap passengers - java.util.concurrent.TimeoutException
	at java.util.concurrent.Exchanger.exchange(Unknown Source)
	at by.epam.training.model.Station.connect(Station.java:34)
	at by.epam.training.model.Bus.run(Bus.java:27)
17:14:41 DEBUG - Thread-5 [Station]:connect:40 There is not bus to swap passengers - java.util.concurrent.TimeoutException
	at java.util.concurrent.Exchanger.exchange(Unknown Source)
	at by.epam.training.model.Station.connect(Station.java:34)
	at by.epam.training.model.Bus.run(Bus.java:27)
17:14:42 DEBUG - Thread-5 [Station]:connect:40 There is not bus to swap passengers - java.util.concurrent.TimeoutException
	at java.util.concurrent.Exchanger.exchange(Unknown Source)
	at by.epam.training.model.Station.connect(Station.java:34)
	at by.epam.training.model.Bus.run(Bus.java:27)
17:19:53 DEBUG - Thread-5 [Station]:connect:43 There is not bus to swap passengers - java.util.concurrent.TimeoutException
	at java.util.concurrent.Exchanger.exchange(Unknown Source)
	at by.epam.training.model.Station.connect(Station.java:34)
	at by.epam.training.model.Bus.run(Bus.java:27)
17:19:54 DEBUG - Thread-5 [Station]:connect:43 There is not bus to swap passengers - java.util.concurrent.TimeoutException
	at java.util.concurrent.Exchanger.exchange(Unknown Source)
	at by.epam.training.model.Station.connect(Station.java:34)
	at by.epam.training.model.Bus.run(Bus.java:27)
17:19:56 DEBUG - Thread-5 [Station]:connect:43 There is not bus to swap passengers - java.util.concurrent.TimeoutException
	at java.util.concurrent.Exchanger.exchange(Unknown Source)
	at by.epam.training.model.Station.connect(Station.java:34)
	at by.epam.training.model.Bus.run(Bus.java:27)
17:19:57 DEBUG - Thread-5 [Station]:connect:43 There is not bus to swap passengers - java.util.concurrent.TimeoutException
	at java.util.concurrent.Exchanger.exchange(Unknown Source)
	at by.epam.training.model.Station.connect(Station.java:34)
	at by.epam.training.model.Bus.run(Bus.java:27)
21:56:51 DEBUG - Thread-4 [Station]:connect:43 There is not bus to swap passengers - java.util.concurrent.TimeoutException
	at java.util.concurrent.Exchanger.exchange(Exchanger.java:626)
	at by.epam.training.model.Station.connect(Station.java:34)
	at by.epam.training.model.Bus.run(Bus.java:27)
21:56:53 DEBUG - Thread-4 [Station]:connect:43 There is not bus to swap passengers - java.util.concurrent.TimeoutException
	at java.util.concurrent.Exchanger.exchange(Exchanger.java:626)
	at by.epam.training.model.Station.connect(Station.java:34)
	at by.epam.training.model.Bus.run(Bus.java:27)
21:56:54 DEBUG - Thread-4 [Station]:connect:43 There is not bus to swap passengers - java.util.concurrent.TimeoutException
	at java.util.concurrent.Exchanger.exchange(Exchanger.java:626)
	at by.epam.training.model.Station.connect(Station.java:34)
	at by.epam.training.model.Bus.run(Bus.java:27)
22:05:25 DEBUG - Thread-1 [Station]:connect:42 There is not bus to swap passengers - java.util.concurrent.TimeoutException
	at java.util.concurrent.Exchanger.exchange(Exchanger.java:626)
	at by.epam.training.model.Station.connect(Station.java:33)
	at by.epam.training.model.Bus.run(Bus.java:27)
22:05:26 DEBUG - Thread-1 [Station]:connect:42 There is not bus to swap passengers - java.util.concurrent.TimeoutException
	at java.util.concurrent.Exchanger.exchange(Exchanger.java:626)
	at by.epam.training.model.Station.connect(Station.java:33)
	at by.epam.training.model.Bus.run(Bus.java:27)
22:13:28 DEBUG - Thread-1 [Station]:connect:42 There is not bus to swap passengers - java.util.concurrent.TimeoutException
	at java.util.concurrent.Exchanger.exchange(Unknown Source)
	at by.epam.training.model.Station.connect(Station.java:33)
	at by.epam.training.model.Bus.run(Bus.java:27)
22:13:29 DEBUG - Thread-1 [Station]:connect:42 There is not bus to swap passengers - java.util.concurrent.TimeoutException
	at java.util.concurrent.Exchanger.exchange(Unknown Source)
	at by.epam.training.model.Station.connect(Station.java:33)
	at by.epam.training.model.Bus.run(Bus.java:27)
22:13:31 DEBUG - Thread-1 [Station]:connect:42 There is not bus to swap passengers - java.util.concurrent.TimeoutException
	at java.util.concurrent.Exchanger.exchange(Unknown Source)
	at by.epam.training.model.Station.connect(Station.java:33)
	at by.epam.training.model.Bus.run(Bus.java:27)
00:03:39 DEBUG - Thread-3 [Station]:connect:42 There is not bus to swap passengers - java.util.concurrent.TimeoutException
	at java.util.concurrent.Exchanger.exchange(Unknown Source)
	at by.epam.training.model.Station.connect(Station.java:33)
	at by.epam.training.model.Bus.run(Bus.java:27)
00:03:40 DEBUG - Thread-6 [Station]:connect:42 There is not bus to swap passengers - java.util.concurrent.TimeoutException
	at java.util.concurrent.Exchanger.exchange(Unknown Source)
	at by.epam.training.model.Station.connect(Station.java:33)
	at by.epam.training.model.Bus.run(Bus.java:27)
00:03:40 DEBUG - Thread-7 [Station]:connect:42 There is not bus to swap passengers - java.util.concurrent.TimeoutException
	at java.util.concurrent.Exchanger.exchange(Unknown Source)
	at by.epam.training.model.Station.connect(Station.java:33)
	at by.epam.training.model.Bus.run(Bus.java:27)
00:03:40 DEBUG - Thread-3 [Station]:connect:42 There is not bus to swap passengers - java.util.concurrent.TimeoutException
	at java.util.concurrent.Exchanger.exchange(Unknown Source)
	at by.epam.training.model.Station.connect(Station.java:33)
	at by.epam.training.model.Bus.run(Bus.java:27)
00:03:42 DEBUG - Thread-3 [Station]:connect:42 There is not bus to swap passengers - java.util.concurrent.TimeoutException
	at java.util.concurrent.Exchanger.exchange(Unknown Source)
	at by.epam.training.model.Station.connect(Station.java:33)
	at by.epam.training.model.Bus.run(Bus.java:27)
00:03:43 DEBUG - Thread-3 [Station]:connect:42 There is not bus to swap passengers - java.util.concurrent.TimeoutException
	at java.util.concurrent.Exchanger.exchange(Unknown Source)
	at by.epam.training.model.Station.connect(Station.java:33)
	at by.epam.training.model.Bus.run(Bus.java:27)
00:10:11 DEBUG - Thread-4 [Station]:connect:42 There is not bus to swap passengers - java.util.concurrent.TimeoutException
	at java.util.concurrent.Exchanger.exchange(Unknown Source)
	at by.epam.training.model.Station.connect(Station.java:33)
	at by.epam.training.model.Bus.run(Bus.java:27)
00:10:11 DEBUG - Thread-3 [Station]:connect:42 There is not bus to swap passengers - java.util.concurrent.TimeoutException
	at java.util.concurrent.Exchanger.exchange(Unknown Source)
	at by.epam.training.model.Station.connect(Station.java:33)
	at by.epam.training.model.Bus.run(Bus.java:27)
00:17:03 DEBUG - Thread-4 [Station]:connect:42 There is not bus to swap passengers - java.util.concurrent.TimeoutException
	at java.util.concurrent.Exchanger.exchange(Unknown Source)
	at by.epam.training.model.Station.connect(Station.java:33)
	at by.epam.training.model.Bus.run(Bus.java:31)
00:17:04 DEBUG - Thread-4 [Station]:connect:42 There is not bus to swap passengers - java.util.concurrent.TimeoutException
	at java.util.concurrent.Exchanger.exchange(Unknown Source)
	at by.epam.training.model.Station.connect(Station.java:33)
	at by.epam.training.model.Bus.run(Bus.java:31)
10:47:01 DEBUG - pool-2-thread-5 [Station]:connect:42 There is not bus to swap passengers - java.util.concurrent.TimeoutException
	at java.util.concurrent.Exchanger.exchange(Unknown Source)
	at by.epam.training.model.Station.connect(Station.java:33)
	at by.epam.training.model.Bus.call(Bus.java:36)
	at by.epam.training.model.Bus.call(Bus.java:1)
	at java.util.concurrent.FutureTask.run(Unknown Source)
	at java.util.concurrent.ThreadPoolExecutor.runWorker(Unknown Source)
	at java.util.concurrent.ThreadPoolExecutor$Worker.run(Unknown Source)
	at java.lang.Thread.run(Unknown Source)
10:47:03 DEBUG - pool-2-thread-5 [Station]:connect:42 There is not bus to swap passengers - java.util.concurrent.TimeoutException
	at java.util.concurrent.Exchanger.exchange(Unknown Source)
	at by.epam.training.model.Station.connect(Station.java:33)
	at by.epam.training.model.Bus.call(Bus.java:36)
	at by.epam.training.model.Bus.call(Bus.java:1)
	at java.util.concurrent.FutureTask.run(Unknown Source)
	at java.util.concurrent.ThreadPoolExecutor.runWorker(Unknown Source)
	at java.util.concurrent.ThreadPoolExecutor$Worker.run(Unknown Source)
	at java.lang.Thread.run(Unknown Source)
10:47:03 DEBUG - pool-2-thread-4 [Station]:connect:42 There is not bus to swap passengers - java.util.concurrent.TimeoutException
	at java.util.concurrent.Exchanger.exchange(Unknown Source)
	at by.epam.training.model.Station.connect(Station.java:33)
	at by.epam.training.model.Bus.call(Bus.java:36)
	at by.epam.training.model.Bus.call(Bus.java:1)
	at java.util.concurrent.FutureTask.run(Unknown Source)
	at java.util.concurrent.ThreadPoolExecutor.runWorker(Unknown Source)
	at java.util.concurrent.ThreadPoolExecutor$Worker.run(Unknown Source)
	at java.lang.Thread.run(Unknown Source)
10:47:03 DEBUG - pool-2-thread-2 [Station]:connect:42 There is not bus to swap passengers - java.util.concurrent.TimeoutException
	at java.util.concurrent.Exchanger.exchange(Unknown Source)
	at by.epam.training.model.Station.connect(Station.java:33)
	at by.epam.training.model.Bus.call(Bus.java:36)
	at by.epam.training.model.Bus.call(Bus.java:1)
	at java.util.concurrent.FutureTask.run(Unknown Source)
	at java.util.concurrent.ThreadPoolExecutor.runWorker(Unknown Source)
	at java.util.concurrent.ThreadPoolExecutor$Worker.run(Unknown Source)
	at java.lang.Thread.run(Unknown Source)
10:47:04 DEBUG - pool-2-thread-1 [Station]:connect:42 There is not bus to swap passengers - java.util.concurrent.TimeoutException
	at java.util.concurrent.Exchanger.exchange(Unknown Source)
	at by.epam.training.model.Station.connect(Station.java:33)
	at by.epam.training.model.Bus.call(Bus.java:36)
	at by.epam.training.model.Bus.call(Bus.java:1)
	at java.util.concurrent.FutureTask.run(Unknown Source)
	at java.util.concurrent.ThreadPoolExecutor.runWorker(Unknown Source)
	at java.util.concurrent.ThreadPoolExecutor$Worker.run(Unknown Source)
	at java.lang.Thread.run(Unknown Source)
10:47:04 DEBUG - pool-2-thread-4 [Station]:connect:42 There is not bus to swap passengers - java.util.concurrent.TimeoutException
	at java.util.concurrent.Exchanger.exchange(Unknown Source)
	at by.epam.training.model.Station.connect(Station.java:33)
	at by.epam.training.model.Bus.call(Bus.java:36)
	at by.epam.training.model.Bus.call(Bus.java:1)
	at java.util.concurrent.FutureTask.run(Unknown Source)
	at java.util.concurrent.ThreadPoolExecutor.runWorker(Unknown Source)
	at java.util.concurrent.ThreadPoolExecutor$Worker.run(Unknown Source)
	at java.lang.Thread.run(Unknown Source)
10:47:04 DEBUG - pool-2-thread-2 [Station]:connect:42 There is not bus to swap passengers - java.util.concurrent.TimeoutException
	at java.util.concurrent.Exchanger.exchange(Unknown Source)
	at by.epam.training.model.Station.connect(Station.java:33)
	at by.epam.training.model.Bus.call(Bus.java:36)
	at by.epam.training.model.Bus.call(Bus.java:1)
	at java.util.concurrent.FutureTask.run(Unknown Source)
	at java.util.concurrent.ThreadPoolExecutor.runWorker(Unknown Source)
	at java.util.concurrent.ThreadPoolExecutor$Worker.run(Unknown Source)
	at java.lang.Thread.run(Unknown Source)
10:47:07 DEBUG - pool-2-thread-4 [Station]:connect:42 There is not bus to swap passengers - java.util.concurrent.TimeoutException
	at java.util.concurrent.Exchanger.exchange(Unknown Source)
	at by.epam.training.model.Station.connect(Station.java:33)
	at by.epam.training.model.Bus.call(Bus.java:36)
	at by.epam.training.model.Bus.call(Bus.java:1)
	at java.util.concurrent.FutureTask.run(Unknown Source)
	at java.util.concurrent.ThreadPoolExecutor.runWorker(Unknown Source)
	at java.util.concurrent.ThreadPoolExecutor$Worker.run(Unknown Source)
	at java.lang.Thread.run(Unknown Source)
10:47:09 DEBUG - pool-2-thread-2 [Station]:connect:42 There is not bus to swap passengers - java.util.concurrent.TimeoutException
	at java.util.concurrent.Exchanger.exchange(Unknown Source)
	at by.epam.training.model.Station.connect(Station.java:33)
	at by.epam.training.model.Bus.call(Bus.java:36)
	at by.epam.training.model.Bus.call(Bus.java:1)
	at java.util.concurrent.FutureTask.run(Unknown Source)
	at java.util.concurrent.ThreadPoolExecutor.runWorker(Unknown Source)
	at java.util.concurrent.ThreadPoolExecutor$Worker.run(Unknown Source)
	at java.lang.Thread.run(Unknown Source)
10:47:10 DEBUG - pool-2-thread-3 [Station]:connect:42 There is not bus to swap passengers - java.util.concurrent.TimeoutException
	at java.util.concurrent.Exchanger.exchange(Unknown Source)
	at by.epam.training.model.Station.connect(Station.java:33)
	at by.epam.training.model.Bus.call(Bus.java:36)
	at by.epam.training.model.Bus.call(Bus.java:1)
	at java.util.concurrent.FutureTask.run(Unknown Source)
	at java.util.concurrent.ThreadPoolExecutor.runWorker(Unknown Source)
	at java.util.concurrent.ThreadPoolExecutor$Worker.run(Unknown Source)
	at java.lang.Thread.run(Unknown Source)
10:47:11 DEBUG - pool-2-thread-2 [Station]:connect:42 There is not bus to swap passengers - java.util.concurrent.TimeoutException
	at java.util.concurrent.Exchanger.exchange(Unknown Source)
	at by.epam.training.model.Station.connect(Station.java:33)
	at by.epam.training.model.Bus.call(Bus.java:36)
	at by.epam.training.model.Bus.call(Bus.java:1)
	at java.util.concurrent.FutureTask.run(Unknown Source)
	at java.util.concurrent.ThreadPoolExecutor.runWorker(Unknown Source)
	at java.util.concurrent.ThreadPoolExecutor$Worker.run(Unknown Source)
	at java.lang.Thread.run(Unknown Source)
10:47:11 DEBUG - pool-2-thread-3 [Station]:connect:42 There is not bus to swap passengers - java.util.concurrent.TimeoutException
	at java.util.concurrent.Exchanger.exchange(Unknown Source)
	at by.epam.training.model.Station.connect(Station.java:33)
	at by.epam.training.model.Bus.call(Bus.java:36)
	at by.epam.training.model.Bus.call(Bus.java:1)
	at java.util.concurrent.FutureTask.run(Unknown Source)
	at java.util.concurrent.ThreadPoolExecutor.runWorker(Unknown Source)
	at java.util.concurrent.ThreadPoolExecutor$Worker.run(Unknown Source)
	at java.lang.Thread.run(Unknown Source)
10:47:13 DEBUG - pool-2-thread-3 [Station]:connect:42 There is not bus to swap passengers - java.util.concurrent.TimeoutException
	at java.util.concurrent.Exchanger.exchange(Unknown Source)
	at by.epam.training.model.Station.connect(Station.java:33)
	at by.epam.training.model.Bus.call(Bus.java:36)
	at by.epam.training.model.Bus.call(Bus.java:1)
	at java.util.concurrent.FutureTask.run(Unknown Source)
	at java.util.concurrent.ThreadPoolExecutor.runWorker(Unknown Source)
	at java.util.concurrent.ThreadPoolExecutor$Worker.run(Unknown Source)
	at java.lang.Thread.run(Unknown Source)
10:48:47 DEBUG - pool-2-thread-5 [Station]:connect:42 There is not bus to swap passengers - java.util.concurrent.TimeoutException
	at java.util.concurrent.Exchanger.exchange(Unknown Source)
	at by.epam.training.model.Station.connect(Station.java:33)
	at by.epam.training.model.Bus.call(Bus.java:36)
	at by.epam.training.model.Bus.call(Bus.java:1)
	at java.util.concurrent.FutureTask.run(Unknown Source)
	at java.util.concurrent.ThreadPoolExecutor.runWorker(Unknown Source)
	at java.util.concurrent.ThreadPoolExecutor$Worker.run(Unknown Source)
	at java.lang.Thread.run(Unknown Source)
10:48:49 DEBUG - pool-2-thread-5 [Station]:connect:42 There is not bus to swap passengers - java.util.concurrent.TimeoutException
	at java.util.concurrent.Exchanger.exchange(Unknown Source)
	at by.epam.training.model.Station.connect(Station.java:33)
	at by.epam.training.model.Bus.call(Bus.java:36)
	at by.epam.training.model.Bus.call(Bus.java:1)
	at java.util.concurrent.FutureTask.run(Unknown Source)
	at java.util.concurrent.ThreadPoolExecutor.runWorker(Unknown Source)
	at java.util.concurrent.ThreadPoolExecutor$Worker.run(Unknown Source)
	at java.lang.Thread.run(Unknown Source)
10:48:49 DEBUG - pool-2-thread-3 [Station]:connect:42 There is not bus to swap passengers - java.util.concurrent.TimeoutException
	at java.util.concurrent.Exchanger.exchange(Unknown Source)
	at by.epam.training.model.Station.connect(Station.java:33)
	at by.epam.training.model.Bus.call(Bus.java:36)
	at by.epam.training.model.Bus.call(Bus.java:1)
	at java.util.concurrent.FutureTask.run(Unknown Source)
	at java.util.concurrent.ThreadPoolExecutor.runWorker(Unknown Source)
	at java.util.concurrent.ThreadPoolExecutor$Worker.run(Unknown Source)
	at java.lang.Thread.run(Unknown Source)
10:48:51 DEBUG - pool-2-thread-3 [Station]:connect:42 There is not bus to swap passengers - java.util.concurrent.TimeoutException
	at java.util.concurrent.Exchanger.exchange(Unknown Source)
	at by.epam.training.model.Station.connect(Station.java:33)
	at by.epam.training.model.Bus.call(Bus.java:36)
	at by.epam.training.model.Bus.call(Bus.java:1)
	at java.util.concurrent.FutureTask.run(Unknown Source)
	at java.util.concurrent.ThreadPoolExecutor.runWorker(Unknown Source)
	at java.util.concurrent.ThreadPoolExecutor$Worker.run(Unknown Source)
	at java.lang.Thread.run(Unknown Source)
10:48:53 DEBUG - pool-2-thread-2 [Station]:connect:42 There is not bus to swap passengers - java.util.concurrent.TimeoutException
	at java.util.concurrent.Exchanger.exchange(Unknown Source)
	at by.epam.training.model.Station.connect(Station.java:33)
	at by.epam.training.model.Bus.call(Bus.java:36)
	at by.epam.training.model.Bus.call(Bus.java:1)
	at java.util.concurrent.FutureTask.run(Unknown Source)
	at java.util.concurrent.ThreadPoolExecutor.runWorker(Unknown Source)
	at java.util.concurrent.ThreadPoolExecutor$Worker.run(Unknown Source)
	at java.lang.Thread.run(Unknown Source)
10:48:53 DEBUG - pool-2-thread-3 [Station]:connect:42 There is not bus to swap passengers - java.util.concurrent.TimeoutException
	at java.util.concurrent.Exchanger.exchange(Unknown Source)
	at by.epam.training.model.Station.connect(Station.java:33)
	at by.epam.training.model.Bus.call(Bus.java:36)
	at by.epam.training.model.Bus.call(Bus.java:1)
	at java.util.concurrent.FutureTask.run(Unknown Source)
	at java.util.concurrent.ThreadPoolExecutor.runWorker(Unknown Source)
	at java.util.concurrent.ThreadPoolExecutor$Worker.run(Unknown Source)
	at java.lang.Thread.run(Unknown Source)
10:48:54 DEBUG - pool-2-thread-4 [Station]:connect:42 There is not bus to swap passengers - java.util.concurrent.TimeoutException
	at java.util.concurrent.Exchanger.exchange(Unknown Source)
	at by.epam.training.model.Station.connect(Station.java:33)
	at by.epam.training.model.Bus.call(Bus.java:36)
	at by.epam.training.model.Bus.call(Bus.java:1)
	at java.util.concurrent.FutureTask.run(Unknown Source)
	at java.util.concurrent.ThreadPoolExecutor.runWorker(Unknown Source)
	at java.util.concurrent.ThreadPoolExecutor$Worker.run(Unknown Source)
	at java.lang.Thread.run(Unknown Source)
10:50:29 DEBUG - Thread-5 [Station]:connect:42 There is not bus to swap passengers - java.util.concurrent.TimeoutException
	at java.util.concurrent.Exchanger.exchange(Unknown Source)
	at by.epam.training.model.Station.connect(Station.java:33)
	at by.epam.training.model.Bus.run(Bus.java:31)
10:50:31 DEBUG - Thread-5 [Station]:connect:42 There is not bus to swap passengers - java.util.concurrent.TimeoutException
	at java.util.concurrent.Exchanger.exchange(Unknown Source)
	at by.epam.training.model.Station.connect(Station.java:33)
	at by.epam.training.model.Bus.run(Bus.java:31)
10:50:32 DEBUG - Thread-5 [Station]:connect:42 There is not bus to swap passengers - java.util.concurrent.TimeoutException
	at java.util.concurrent.Exchanger.exchange(Unknown Source)
	at by.epam.training.model.Station.connect(Station.java:33)
	at by.epam.training.model.Bus.run(Bus.java:31)
18:13:59 DEBUG - Thread-5 [Station]:connect:47 There is not bus to swap passengers - java.util.concurrent.TimeoutException
	at java.util.concurrent.Exchanger.exchange(Exchanger.java:626)
	at by.epam.task3.model.Station.connect(Station.java:38)
	at by.epam.task3.model.Bus.run(Bus.java:31)
18:14:01 DEBUG - Thread-5 [Station]:connect:47 There is not bus to swap passengers - java.util.concurrent.TimeoutException
	at java.util.concurrent.Exchanger.exchange(Exchanger.java:626)
	at by.epam.task3.model.Station.connect(Station.java:38)
	at by.epam.task3.model.Bus.run(Bus.java:31)
18:14:02 DEBUG - Thread-5 [Station]:connect:47 There is not bus to swap passengers - java.util.concurrent.TimeoutException
	at java.util.concurrent.Exchanger.exchange(Exchanger.java:626)
	at by.epam.task3.model.Station.connect(Station.java:38)
	at by.epam.task3.model.Bus.run(Bus.java:31)
18:14:04 DEBUG - Thread-5 [Station]:connect:47 There is not bus to swap passengers - java.util.concurrent.TimeoutException
	at java.util.concurrent.Exchanger.exchange(Exchanger.java:626)
	at by.epam.task3.model.Station.connect(Station.java:38)
	at by.epam.task3.model.Bus.run(Bus.java:31)
18:31:08 DEBUG - Thread-1 [Station]:connect:47 There is not bus to swap passengers - 18:31:09 DEBUG - Thread-1 [Station]:connect:47 There is not bus to swap passengers - 18:31:11 DEBUG - Thread-1 [Station]:connect:47 There is not bus to swap passengers - 00:47:07 DEBUG - Thread-1 [Station]:connect:48 There is not bus to swap passengers - 00:47:09 DEBUG - Thread-1 [Station]:connect:48 There is not bus to swap passengers - 00:47:10 DEBUG - Thread-1 [Station]:connect:48 There is not bus to swap passengers - 18:18:10 DEBUG - Thread-3 [Station]:connect:48 There is not bus to swap passengers - 18:18:12 DEBUG - Thread-3 [Station]:connect:48 There is not bus to swap passengers - 18:18:13 DEBUG - Thread-3 [Station]:connect:48 There is not bus to swap passengers - 18:18:14 DEBUG - Thread-3 [Station]:connect:48 There is not bus to swap passengers - 19:17:02 DEBUG - Thread-4 [Station]:connect:48 There is not bus to swap passengers - 19:17:04 DEBUG - Thread-1 [Station]:connect:48 There is not bus to swap passengers - 19:18:22 DEBUG - Thread-3 [Station]:connect:48 There is not bus to swap passengers - 19:18:22 DEBUG - Thread-2 [Station]:connect:48 There is not bus to swap passengers - 19:18:23 DEBUG - Thread-5 [Station]:connect:48 There is not bus to swap passengers - 19:18:23 DEBUG - Thread-3 [Station]:connect:48 There is not bus to swap passengers - 19:18:24 DEBUG - Thread-2 [Station]:connect:48 There is not bus to swap passengers - 19:18:25 DEBUG - Thread-3 [Station]:connect:48 There is not bus to swap passengers - 19:18:25 DEBUG - Thread-2 [Station]:connect:48 There is not bus to swap passengers - 19:18:26 DEBUG - Thread-3 [Station]:connect:48 There is not bus to swap passengers - 19:19:56 DEBUG - Thread-1 [Station]:connect:48 There is not bus to swap passengers - 19:19:58 DEBUG - Thread-1 [Station]:connect:48 There is not bus to swap passengers - 19:19:59 DEBUG - Thread-1 [Station]:connect:48 There is not bus to swap passengers - 19:20:01 DEBUG - Thread-1 [Station]:connect:48 There is not bus to swap passengers - 19:20:02 DEBUG - Thread-2 [Station]:connect:48 There is not bus to swap passengers - 19:20:04 DEBUG - Thread-2 [Station]:connect:48 There is not bus to swap passengers - 19:20:06 DEBUG - Thread-2 [Station]:connect:48 There is not bus to swap passengers - 19:20:07 DEBUG - Thread-2 [Station]:connect:48 There is not bus to swap passengers - 19:20:58 DEBUG - Thread-1 [Station]:connect:48 There is not bus to swap passengers - 19:20:59 DEBUG - Thread-1 [Station]:connect:48 There is not bus to swap passengers - 19:21:01 DEBUG - Thread-1 [Station]:connect:48 There is not bus to swap passengers - 19:21:59 DEBUG - Thread-1 [Station]:connect:48 There is not bus to swap passengers - 19:22:00 DEBUG - Thread-1 [Station]:connect:48 There is not bus to swap passengers - 19:22:02 DEBUG - Thread-1 [Station]:connect:48 There is not bus to swap passengers - 19:33:58 DEBUG - Thread-2 [Station]:connect:48 There is not bus to swap passengers - 19:34:00 DEBUG - Thread-2 [Station]:connect:48 There is not bus to swap passengers - 19:34:54 DEBUG - Thread-1 [Station]:connect:48 There is not bus to swap passengers - 19:34:56 DEBUG - Thread-1 [Station]:connect:48 There is not bus to swap passengers - 19:34:57 DEBUG - Thread-2 [Station]:connect:48 There is not bus to swap passengers - 19:34:57 DEBUG - Thread-1 [Station]:connect:48 There is not bus to swap passengers - 19:34:59 DEBUG - Thread-2 [Station]:connect:48 There is not bus to swap passengers - 19:34:59 DEBUG - Thread-1 [Station]:connect:48 There is not bus to swap passengers - 19:35:00 DEBUG - Thread-2 [Station]:connect:48 There is not bus to swap passengers - 19:35:12 DEBUG - Thread-1 [Station]:connect:48 There is not bus to swap passengers - 19:35:13 DEBUG - Thread-5 [Station]:connect:48 There is not bus to swap passengers - 19:50:24 DEBUG - Thread-2 [Station]:connect:48 There is not bus to swap passengers - 20:18:08 DEBUG - Thread-1 [Station]:connect:48 There is not bus to swap passengers - 20:18:10 DEBUG - Thread-1 [Station]:connect:48 There is not bus to swap passengers - 20:18:11 DEBUG - Thread-1 [Station]:connect:48 There is not bus to swap passengers - 22:58:20 DEBUG - Thread-1 [Station]:connect:48 There is not bus to swap passengers - 22:58:22 DEBUG - Thread-1 [Station]:connect:48 There is not bus to swap passengers - 22:58:24 DEBUG - Thread-1 [Station]:connect:48 There is not bus to swap passengers - 22:58:25 DEBUG - Thread-1 [Station]:connect:48 There is not bus to swap passengers - 23:08:09 DEBUG - Thread-5 [Station]:connect:48 There is not bus to swap passengers - 23:08:10 DEBUG - Thread-4 [Station]:connect:48 There is not bus to swap passengers - 23:08:11 DEBUG - Thread-5 [Station]:connect:48 There is not bus to swap passengers - 23:08:12 DEBUG - Thread-5 [Station]:connect:48 There is not bus to swap passengers - 23:08:14 DEBUG - Thread-5 [Station]:connect:48 There is not bus to swap passengers - 23:09:07 DEBUG - Thread-3 [Station]:connect:48 There is not bus to swap passengers - 23:09:09 DEBUG - Thread-3 [Station]:connect:48 There is not bus to swap passengers - 23:09:10 DEBUG - Thread-3 [Station]:connect:48 There is not bus to swap passengers - 23:09:12 DEBUG - Thread-3 [Station]:connect:48 There is not bus to swap passengers - 23:11:43 DEBUG - Thread-4 [Station]:connect:50 There is not bus to swap passengers - 23:11:45 DEBUG - Thread-4 [Station]:connect:50 There is not bus to swap passengers - 23:11:46 DEBUG - Thread-4 [Station]:connect:50 There is not bus to swap passengers - 23:17:24 DEBUG - Thread-3 [Station]:connect:50 There is not bus to swap passengers - 23:17:25 DEBUG - Thread-3 [Station]:connect:50 There is not bus to swap passengers - 23:17:27 DEBUG - Thread-3 [Station]:connect:50 There is not bus to swap passengers - 21:18:03 DEBUG - Thread-5 [Station]:connect:50 There is not bus to swap passengers - 21:18:03 DEBUG - Thread-4 [Station]:connect:50 There is not bus to swap passengers - 21:18:04 DEBUG - Thread-5 [Station]:connect:50 There is not bus to swap passengers - 21:20:25 DEBUG - Thread-5 [Station]:connect:50 There is not bus to swap passengers - 21:20:26 DEBUG - Thread-4 [Station]:connect:50 There is not bus to swap passengers - 21:20:26 DEBUG - Thread-5 [Station]:connect:50 There is not bus to swap passengers - 21:20:28 DEBUG - Thread-5 [Station]:connect:50 There is not bus to swap passengers - 21:20:29 DEBUG - Thread-5 [Station]:connect:50 There is not bus to swap passengers - 21:48:18 DEBUG - Thread-5 [Station]:connect:50 There is not bus to swap passengers - 21:48:20 DEBUG - Thread-3 [Station]:connect:50 There is not bus to swap passengers - 21:48:20 DEBUG - Thread-5 [Station]:connect:50 There is not bus to swap passengers - 21:48:21 DEBUG - Thread-5 [Station]:connect:50 There is not bus to swap passengers - 21:48:23 DEBUG - Thread-5 [Station]:connect:50 There is not bus to swap passengers - 21:49:09 DEBUG - Thread-3 [Station]:connect:50 There is not bus to swap passengers - 21:49:09 DEBUG - Thread-2 [Station]:connect:50 There is not bus to swap passengers - 21:49:10 DEBUG - Thread-1 [Station]:connect:50 There is not bus to swap passengers - 21:49:10 DEBUG - Thread-3 [Station]:connect:50 There is not bus to swap passengers - 21:49:11 DEBUG - Thread-2 [Station]:connect:50 There is not bus to swap passengers - 21:49:11 DEBUG - Thread-1 [Station]:connect:50 There is not bus to swap passengers - 21:49:12 DEBUG - Thread-3 [Station]:connect:50 There is not bus to swap passengers - 21:49:12 DEBUG - Thread-2 [Station]:connect:50 There is not bus to swap passengers - 21:49:13 DEBUG - Thread-3 [Station]:connect:50 There is not bus to swap passengers - 01:44:47 ERROR - main [Router]:initialize:32 I/O exception occured:  - java.io.FileNotFoundException: resources/routes.properties (Нет такого файла или каталога)
	at java.io.FileInputStream.open0(Native Method)
	at java.io.FileInputStream.open(FileInputStream.java:195)
	at java.io.FileInputStream.<init>(FileInputStream.java:138)
	at by.epam.task3.service.Router.initialize(Router.java:24)
	at by.epam.task3.runner.Runner.main(Runner.java:73)
01:44:47 ERROR - main [Runner]:main:75 I/O exception occured:  - java.io.FileNotFoundException: resources/routes.properties (Нет такого файла или каталога)
	at java.io.FileInputStream.open0(Native Method)
	at java.io.FileInputStream.open(FileInputStream.java:195)
	at java.io.FileInputStream.<init>(FileInputStream.java:138)
	at by.epam.task3.service.Router.initialize(Router.java:24)
	at by.epam.task3.runner.Runner.main(Runner.java:73)
01:44:54 ERROR - main [Router]:initialize:32 I/O exception occured:  - java.io.FileNotFoundException: resources/routes.properties (Нет такого файла или каталога)
	at java.io.FileInputStream.open0(Native Method)
	at java.io.FileInputStream.open(FileInputStream.java:195)
	at java.io.FileInputStream.<init>(FileInputStream.java:138)
	at by.epam.task3.service.Router.initialize(Router.java:24)
	at by.epam.task3.runner.Runner.main(Runner.java:73)
01:44:54 ERROR - main [Runner]:main:75 I/O exception occured:  - java.io.FileNotFoundException: resources/routes.properties (Нет такого файла или каталога)
	at java.io.FileInputStream.open0(Native Method)
	at java.io.FileInputStream.open(FileInputStream.java:195)
	at java.io.FileInputStream.<init>(FileInputStream.java:138)
	at by.epam.task3.service.Router.initialize(Router.java:24)
	at by.epam.task3.runner.Runner.main(Runner.java:73)
01:45:08 ERROR - main [Router]:initialize:32 I/O exception occured:  - java.io.FileNotFoundException: resources/routes.properties (Нет такого файла или каталога)
	at java.io.FileInputStream.open0(Native Method)
	at java.io.FileInputStream.open(FileInputStream.java:195)
	at java.io.FileInputStream.<init>(FileInputStream.java:138)
	at by.epam.task3.service.Router.initialize(Router.java:24)
	at by.epam.task3.runner.Runner.main(Runner.java:73)
01:45:08 ERROR - main [Runner]:main:75 I/O exception occured:  - java.io.FileNotFoundException: resources/routes.properties (Нет такого файла или каталога)
	at java.io.FileInputStream.open0(Native Method)
	at java.io.FileInputStream.open(FileInputStream.java:195)
	at java.io.FileInputStream.<init>(FileInputStream.java:138)
	at by.epam.task3.service.Router.initialize(Router.java:24)
	at by.epam.task3.runner.Runner.main(Runner.java:73)
02:24:47 DEBUG - Thread-3 [Station]:connect:50 There is not bus to swap passengers - 02:24:48 DEBUG - Thread-1 [Station]:connect:50 There is not bus to swap passengers - 02:24:49 DEBUG - Thread-3 [Station]:connect:50 There is not bus to swap passengers - 02:24:50 DEBUG - Thread-3 [Station]:connect:50 There is not bus to swap passengers - 02:24:52 DEBUG - Thread-3 [Station]:connect:50 There is not bus to swap passengers - 02:37:17 DEBUG - Thread-1 [Station]:connect:50 There is not bus to swap passengers - 02:37:18 DEBUG - Thread-5 [Station]:connect:50 There is not bus to swap passengers - 02:37:19 DEBUG - Thread-1 [Station]:connect:50 There is not bus to swap passengers - 02:37:20 DEBUG - Thread-1 [Station]:connect:50 There is not bus to swap passengers - 02:37:22 DEBUG - Thread-1 [Station]:connect:50 There is not bus to swap passengers - 02:40:51 DEBUG - Thread-4 [Station]:connect:50 There is not bus to swap passengers - 02:40:52 DEBUG - Thread-4 [Station]:connect:50 There is not bus to swap passengers - 02:40:53 DEBUG - Thread-4 [Station]:connect:50 There is not bus to swap passengers - 02:40:55 DEBUG - Thread-4 [Station]:connect:50 There is not bus to swap passengers - 02:41:25 DEBUG - Thread-2 [Station]:connect:50 There is not bus to swap passengers - 02:41:25 DEBUG - Thread-4 [Station]:connect:50 There is not bus to swap passengers - 02:41:25 DEBUG - Thread-3 [Station]:connect:50 There is not bus to swap passengers - 02:41:26 DEBUG - Thread-2 [Station]:connect:50 There is not bus to swap passengers - 02:41:26 DEBUG - Thread-4 [Station]:connect:50 There is not bus to swap passengers - 02:41:28 DEBUG - Thread-2 [Station]:connect:50 There is not bus to swap passengers - 02:43:29 DEBUG - Thread-5 [Station]:connect:50 There is not bus to swap passengers - 02:43:30 DEBUG - Thread-5 [Station]:connect:50 There is not bus to swap passengers - 02:43:30 DEBUG - Thread-2 [Station]:connect:50 There is not bus to swap passengers - 02:43:31 DEBUG - Thread-5 [Station]:connect:50 There is not bus to swap passengers - 02:43:33 DEBUG - Thread-5 [Station]:connect:50 There is not bus to swap passengers - 02:45:28 DEBUG - Thread-1 [Station]:connect:50 There is not bus to swap passengers - 02:45:29 DEBUG - Thread-1 [Station]:connect:50 There is not bus to swap passengers - 02:47:13 DEBUG - Thread-1 [Station]:connect:50 There is not bus to swap passengers - 02:47:15 DEBUG - Thread-1 [Station]:connect:50 There is not bus to swap passengers - 02:47:16 DEBUG - Thread-4 [Station]:connect:50 There is not bus to swap passengers - 02:47:16 DEBUG - Thread-1 [Station]:connect:50 There is not bus to swap passengers - 02:47:17 DEBUG - Thread-4 [Station]:connect:50 There is not bus to swap passengers - 02:47:18 DEBUG - Thread-1 [Station]:connect:50 There is not bus to swap passengers - 02:47:19 DEBUG - Thread-4 [Station]:connect:50 There is not bus to swap passengers - 02:47:20 DEBUG - Thread-4 [Station]:connect:50 There is not bus to swap passengers - 02:53:21 DEBUG - Thread-2 [Station]:connect:50 There is not bus to swap passengers - 02:53:23 DEBUG - Thread-2 [Station]:connect:50 There is not bus to swap passengers - 